<?xml version="1.0" encoding="UTF-8" ?>
<testsuite tests="37" failures="0" name="br.ce.wcaquino.runners.RunnerTest" time="0.456" errors="0" skipped="7">
  <properties>
[...]
</properties>
  <testcase classname="Cenario: Deve executar especificacao" name="Dado que criei o arquivo corretamente" time="0.005"/>
  <testcase classname="Cenario: Deve executar especificacao" name="Quando executa-lo" time="0"/>
  <testcase classname="Cenario: Deve executar especificacao" name="Entao a especificacao deve finalizar com sucesso" time="0"/>
  <testcase classname="Cenario: Deve executar especificacao" name="Cenario: Deve executar especificacao" time="0.001"/>
  <testcase classname="Cenario: Deve incrementar contador" name="Dado que o valor do contador e 15" time="0"/>
  <testcase classname="Cenario: Deve incrementar contador" name="Quando eu incrementar em 3" time="0"/>
  <testcase classname="Cenario: Deve incrementar contador" name="Entao o valor do contador sera 18" time="0"/>
  <testcase classname="Cenario: Deve incrementar contador" name="Cenario: Deve incrementar contador" time="0.004"/>
  <testcase classname="Cenario: Deve calcular atraso na entrega" name="Dado que a entrega e dia 05/04/2021" time="0"/>
  <testcase classname="Cenario: Deve calcular atraso na entrega" name="Quando a entrega atrasa em 2 dias" time="0"/>
  <testcase classname="Cenario: Deve calcular atraso na entrega" name="Entao a entrega sera efetuada em 07/04/2021" time="0"/>
  <testcase classname="Cenario: Deve calcular atraso na entrega" name="Cenario: Deve calcular atraso na entrega" time="0.001"/>
  <testcase classname="Cenario: Deve calcular atraso na entrega da china" name="Dado que a entrega e dia 06/04/2021" time="0"/>
  <testcase classname="Cenario: Deve calcular atraso na entrega da china" name="Quando a entrega atrasa em 2 meses" time="0"/>
  <testcase classname="Cenario: Deve calcular atraso na entrega da china" name="Entao a entrega sera efetuada em 06/06/2021" time="0"/>
  <testcase classname="Cenario: Deve calcular atraso na entrega da china" name="Cenario: Deve calcular atraso na entrega da china" time="0"/>
  <testcase classname="Cenario: Deve criar steps genericos para estes passos" name="* que o ticket e AF345" time="0"/>
  <testcase classname="Cenario: Deve criar steps genericos para estes passos" name="* que o valor da passagem e R$ 230,45" time="0"/>
  <testcase classname="Cenario: Deve criar steps genericos para estes passos" name="* que o nome do passageiro e &quot;Fulano da Silva&quot;" time="0"/>
  <testcase classname="Cenario: Deve criar steps genericos para estes passos" name="* que o telefone do passageiro e 9999-9999" time="0"/>
  <testcase classname="Cenario: Deve criar steps genericos para estes passos" name="* criar os steps" time="0"/>
  <testcase classname="Cenario: Deve criar steps genericos para estes passos" name="* o teste vai funcionar" time="0"/>
  <testcase classname="Cenario: Deve criar steps genericos para estes passos" name="Cenario: Deve criar steps genericos para estes passos" time="0"/>
  <testcase classname="Cenario: Deve reaproveitar os steps &quot;Dado&quot; do cenario anterior" name="Dado que o ticket e AF345" time="0"/>
  <testcase classname="Cenario: Deve reaproveitar os steps &quot;Dado&quot; do cenario anterior" name="Dado que o ticket especial e AB167" time="0"/>
  <testcase classname="Cenario: Deve reaproveitar os steps &quot;Dado&quot; do cenario anterior" name="Dado que o valor da passagem e R$ 1120,23" time="0"/>
  <testcase classname="Cenario: Deve reaproveitar os steps &quot;Dado&quot; do cenario anterior" name="Dado que o nome do passageiro e &quot;Cicrano de Oliveira&quot;" time="0"/>
  <testcase classname="Cenario: Deve reaproveitar os steps &quot;Dado&quot; do cenario anterior" name="Dado que o telefone do passageiro e 9888-8888" time="0"/>
  <testcase classname="Cenario: Deve reaproveitar os steps &quot;Dado&quot; do cenario anterior" name="Cenario: Deve reaproveitar os steps &quot;Dado&quot; do cenario anterior" time="0"/>
  <testcase classname="Cenario: Deve negar todos os steps &quot;Dado&quot; dos cenarios anteriores" name="Dado que o ticket e CD123" time="0.052">
    <skipped/>
    <system-out>
  Cenario: Deve reaproveitar os steps &quot;Dado&quot; do cenario anterior &amp;#27;[90m# src/test/resources/features/aprender_cucumber.feature:42&amp;#27;[0m
    &amp;#27;[32mDado &amp;#27;[0m&amp;#27;[32mque o ticket e &amp;#27;[0m&amp;#27;[32m&amp;#27;[1mAF345&amp;#27;[0m                                    &amp;#27;[90m# AprenderCucumberSteps.queOTicketEAF(String,String)&amp;#27;[0m
    &amp;#27;[32mDado &amp;#27;[0m&amp;#27;[32mque o ticket&amp;#27;[0m&amp;#27;[32m&amp;#27;[1m especial&amp;#27;[0m&amp;#27;[32m e &amp;#27;[0m&amp;#27;[32m&amp;#27;[1mAB167&amp;#27;[0m                           &amp;#27;[90m# AprenderCucumberSteps.queOTicketEAF(String,String)&amp;#27;[0m
    &amp;#27;[32mDado &amp;#27;[0m&amp;#27;[32mque o valor da passagem e R$ &amp;#27;[0m&amp;#27;[32m&amp;#27;[1m1120,23&amp;#27;[0m                    &amp;#27;[90m# AprenderCucumberSteps.queOValorDaPassagemER$(Double)&amp;#27;[0m
    &amp;#27;[32mDado &amp;#27;[0m&amp;#27;[32mque o nome do passageiro e &quot;&amp;#27;[0m&amp;#27;[32m&amp;#27;[1mCicrano de Oliveira&amp;#27;[0m&amp;#27;[32m&quot;&amp;#27;[0m        &amp;#27;[90m# AprenderCucumberSteps.queONomeDoPassageiroE(String)&amp;#27;[0m
    &amp;#27;[32mDado &amp;#27;[0m&amp;#27;[32mque o telefone do passageiro e &amp;#27;[0m&amp;#27;[32m&amp;#27;[1m9888-8888&amp;#27;[0m                &amp;#27;[90m# AprenderCucumberSteps.queOTelefoneDoPassageiroE(String)&amp;#27;[0m
</system-out>
  </testcase>
  <testcase classname="Cenario: Deve negar todos os steps &quot;Dado&quot; dos cenarios anteriores" name="Dado que o ticket e AG1234" time="0.052">
    <skipped/>
  </testcase>
  <testcase classname="Cenario: Deve negar todos os steps &quot;Dado&quot; dos cenarios anteriores" name="Dado que o valor da passagem e R$ 1.1345,56" time="0.052">
    <skipped/>
  </testcase>
  <testcase classname="Cenario: Deve negar todos os steps &quot;Dado&quot; dos cenarios anteriores" name="Dado que o nome do passageiro e &quot;Beltrano Souza Matos de Alc�ntara Azevedo&quot;" time="0.057">
    <skipped/>
  </testcase>
  <testcase classname="Cenario: Deve negar todos os steps &quot;Dado&quot; dos cenarios anteriores" name="Dado que o telefone do passageiro e 1234-5678" time="0.057">
    <skipped/>
  </testcase>
  <testcase classname="Cenario: Deve negar todos os steps &quot;Dado&quot; dos cenarios anteriores" name="Dado que o telefone do passageiro e 999-2223" time="0.057">
    <skipped/>
  </testcase>
  <testcase classname="Cenario: Deve negar todos os steps &quot;Dado&quot; dos cenarios anteriores" name="Cenario: Deve negar todos os steps &quot;Dado&quot; dos cenarios anteriores" time="0.059">
    <skipped/>
  </testcase>
  <testcase classname="Cenario: Deve negar todos os steps &quot;Dado&quot; dos cenarios anteriores" name="Cenario: Deve negar todos os steps &quot;Dado&quot; dos cenarios anteriores" time="0.059"/>
</testsuite>